{
  "RSpec": {
    "coverage": {
      "/Users/cdr/projects/redis_accessor/lib/redis_accessor/accessor.rb": [
        1,
        1,
        1,
        null,
        1,
        1,
        1,
        null,
        1,
        1,
        1,
        1,
        null,
        null,
        1,
        3,
        3,
        3,
        null,
        null,
        1,
        10,
        10,
        10,
        8,
        8,
        8,
        null,
        null,
        null,
        null,
        null,
        null,
        8,
        null,
        null,
        1,
        17,
        17,
        17,
        17,
        17,
        17,
        17,
        null,
        null,
        null,
        null,
        null,
        null,
        null,
        17,
        null,
        null,
        1,
        1,
        27,
        null,
        null,
        null,
        1,
        25,
        25,
        25,
        1903,
        null,
        25,
        null,
        null,
        1,
        27,
        null,
        null,
        null
      ],
      "/Users/cdr/projects/redis_accessor/lib/redis_accessor/template.rb": [
        1,
        null,
        1,
        1,
        1,
        3,
        3,
        null,
        null,
        1,
        1,
        1,
        1,
        1,
        null,
        0,
        null,
        null,
        1,
        1,
        null,
        null,
        null
      ],
      "/Users/cdr/projects/redis_accessor/lib/redis_accessor/mod.rb": [
        1,
        null,
        1,
        1,
        1,
        8,
        8,
        8,
        8,
        8,
        null,
        null,
        1,
        1,
        1,
        3,
        3,
        null,
        1,
        null,
        null,
        1,
        1,
        1,
        77,
        null,
        1,
        null,
        null,
        1,
        2,
        2,
        null,
        1,
        1,
        null,
        null,
        1,
        null,
        null,
        1,
        1,
        null,
        null,
        1,
        1,
        null,
        null,
        1,
        1,
        77,
        null,
        null,
        1,
        null,
        null,
        null,
        null,
        1,
        null,
        null,
        null
      ],
      "/Users/cdr/projects/redis_accessor/lib/redis_accessor/teacher_resources.rb": [
        1,
        null,
        1,
        1,
        1,
        null,
        1,
        51,
        6,
        null,
        45,
        null,
        51,
        null,
        51,
        51,
        51,
        null,
        51,
        51,
        51,
        null,
        null,
        1,
        1,
        1,
        1,
        null,
        null,
        1,
        1,
        1,
        1,
        1,
        1,
        null,
        null,
        1,
        1,
        null,
        null,
        null
      ],
      "/Users/cdr/projects/redis_accessor/lib/redis_accessor/unit.rb": [
        1,
        1,
        null,
        1,
        1,
        1,
        17,
        17,
        17,
        17,
        17,
        17,
        null,
        null,
        1,
        5,
        5,
        5,
        15,
        null,
        null,
        null,
        null,
        null,
        null,
        null,
        15,
        null,
        5,
        null,
        null,
        1,
        1,
        1,
        77,
        null,
        1,
        null,
        null,
        1,
        5,
        5,
        5,
        50,
        null,
        null,
        5,
        null,
        null,
        1,
        1,
        null,
        null,
        1,
        1,
        null,
        null,
        1,
        1,
        77,
        null,
        null,
        1,
        null,
        null,
        null,
        null,
        50,
        null,
        null,
        null
      ],
      "/Users/cdr/projects/redis_accessor/lib/redis_accessor/lesson.rb": [
        1,
        null,
        1,
        1,
        1,
        null,
        1,
        15,
        15,
        15,
        15,
        15,
        15,
        15,
        null,
        null,
        1,
        1,
        1,
        1,
        null,
        0,
        null,
        null,
        null,
        1,
        1,
        1,
        1,
        1,
        null,
        null,
        1,
        1,
        null,
        null,
        1,
        1,
        1,
        null,
        null,
        1,
        1,
        1,
        1,
        1,
        1,
        2,
        2,
        2,
        1,
        1,
        null,
        null,
        0,
        null,
        null,
        1,
        2,
        2,
        2,
        8,
        0,
        null,
        8,
        null,
        2,
        null,
        1,
        1,
        null,
        null,
        2,
        null,
        null,
        null
      ],
      "/Users/cdr/projects/redis_accessor/spec/redis_accessor/lesson_spec.rb": [
        1,
        null,
        1,
        1,
        4,
        4,
        null,
        null,
        1,
        1,
        null,
        null,
        1,
        1,
        null,
        1,
        1,
        1,
        null,
        null,
        1,
        1,
        null,
        null,
        1,
        1,
        null,
        null
      ],
      "/Users/cdr/projects/redis_accessor/spec/redis_accessor/mod_spec.rb": [
        1,
        null,
        1,
        1,
        6,
        null,
        null,
        1,
        1,
        null,
        null,
        1,
        1,
        null,
        1,
        1,
        1,
        null,
        null,
        1,
        1,
        null,
        null,
        1,
        1,
        null,
        1,
        1,
        null,
        null,
        1,
        1,
        null,
        1,
        null,
        1,
        1,
        1,
        null,
        null,
        1,
        1,
        null,
        1,
        null,
        null
      ],
      "/Users/cdr/projects/redis_accessor/spec/redis_accessor/teacher_resources_spec.rb": [
        1,
        null,
        1,
        1,
        4,
        4,
        null,
        null,
        1,
        1,
        null,
        null,
        1,
        1,
        null,
        null,
        1,
        1,
        null,
        null,
        1,
        1,
        null,
        null,
        null
      ],
      "/Users/cdr/projects/redis_accessor/spec/redis_accessor/template_spec.rb": [
        1,
        null,
        1,
        1,
        2,
        null,
        null,
        1,
        1,
        null,
        null,
        1,
        1,
        1,
        0,
        0,
        0,
        null,
        1,
        null,
        null,
        null
      ],
      "/Users/cdr/projects/redis_accessor/spec/redis_accessor/unit_spec.rb": [
        1,
        null,
        1,
        1,
        5,
        null,
        null,
        1,
        1,
        null,
        null,
        1,
        1,
        null,
        1,
        1,
        null,
        null,
        1,
        1,
        null,
        null,
        1,
        1,
        null,
        1,
        1,
        null,
        null,
        1,
        1,
        null,
        1,
        1,
        1,
        null,
        null
      ]
    },
    "timestamp": 1439234166
  }
}
